<?xml version="1.0" ?>
<!DOCTYPE coverage SYSTEM "http://cobertura.sourceforge.net/xml/coverage-04.dtd">
<coverage lines-valid="5" lines-covered="3" line-rate="0.6" branches-valid="0" branches-covered="0" branch-rate="1" timestamp="1528086387511" complexity="0" version="0.1">
  <sources>
    <source>/sd/workspace/src/ghe.corp.yahoo.co.jp/hosted-danger/nodejs-report-sample</source>
  </sources>
  <packages>
    <class name="index.js" filename="index.js" line-rate="0.6" branch-rate="1">
      <methods>
        <method name="(anonymous_0)" hits="1" signature="()V">
          <lines>
            <line number="2" hits="1"/>
          </lines>
        </method>
        <method name="(anonymous_1)" hits="1" signature="()V">
          <lines>
            <line number="6" hits="1"/>
          </lines>
        </method>
        <method name="(anonymous_2)" hits="0" signature="()V">
          <lines>
            <line number="10" hits="0"/>
          </lines>
        </method>
        <method name="(anonymous_3)" hits="0" signature="()V">
          <lines>
            <line number="14" hits="0"/>
          </lines>
        </method>
      </methods>
      <lines>
        <line number="1" hits="1" branch="false"/>
        <line number="3" hits="1" branch="false"/>
        <line number="7" hits="1" branch="false"/>
        <line number="11" hits="0" branch="false"/>
        <line number="15" hits="0" branch="false"/>
      </lines>
    </class>
  </packages>
</coverage>
