<?xml version="1.0" encoding="UTF-8"?>
<testsuites tests="2" failures="1">
    <testsuite name="EmptyTests" tests="0" failures="0">
    </testsuite>
    <testsuite name="ThemojiUITests" tests="2" failures="1">
        <testcase classname="ThemojiUITests" name="testExample()">
        </testcase>
        <testcase classname="ThemojiUITests" name="testIsBroken()">
            <failure message="XCTAssertTrue failed - /Users/krausefx/Developer/hacking/themoji_copy/ThemojiUITests/ThemojiUITests.swift:24">
            </failure>
        </testcase>
    </testsuite>
</testsuites>
